<?xml version="1.0" encoding="UTF-8"?>
<!-- Generated by org.testng.reporters.JUnitXMLReporter -->
<testsuite ignored="0" hostname="LAPTOP-9J15PCB5" failures="0" tests="4" name="ChromeBrowserTest" time="23.994" errors="0" timestamp="2025-12-26T13:03:24 IST">
  <testcase classname="testcases.IciciPru" name="validateHomePageTitle" time="0.079"/>
  <testcase classname="testcases.IciciPru" name="validaeTermInsuranceMenu" time="0.864"/>
  <testcase classname="testcases.IciciPru" name="validaeNRIPlansMenu" time="0.563"/>
  <testcase classname="testcases.IciciPru" name="validaeLogin" time="2.737"/>
</testsuite> <!-- ChromeBrowserTest -->
