<?xml version="1.0" encoding="UTF-8"?>
<!-- Generated by org.testng.reporters.JUnitXMLReporter -->
<testsuite ignored="0" hostname="LAPTOP-9J15PCB5" failures="0" tests="4" name="ChromeBrowserTest" time="35.165" errors="0" timestamp="2025-12-01T16:21:15 IST">
  <testcase classname="testcases.IciciPru" name="validateHomePageTitle" time="13.301"/>
  <testcase classname="testcases.IciciPru" name="validaeTermInsuranceMenu" time="5.376"/>
  <testcase classname="testcases.IciciPru" name="validaeNRIPlansMenu" time="0.861"/>
  <testcase classname="testcases.IciciPru" name="validaeLogin" time="8.895"/>
</testsuite> <!-- ChromeBrowserTest -->
