<?xml version="1.0" encoding="UTF-8"?>
<!-- Generated by org.testng.reporters.JUnitXMLReporter -->
<testsuite ignored="0" hostname="LAPTOP-9J15PCB5" failures="2" tests="4" name="ChromeBrowserTest" time="56.932" errors="0" timestamp="2025-12-24T12:56:20 IST">
  <testcase classname="testcases.IciciPru" name="validateHomePageTitle" time="0.26">
    <failure type="java.lang.AssertionError" message="expected [QALife Insurance - ICICI Prudential Life Insurance India 2025] but found [Life Insurance - ICICI Prudential Life Insurance India 2025]">
      <![CDATA[java.lang.AssertionError: expected [QALife Insurance - ICICI Prudential Life Insurance India 2025] but found [Life Insurance - ICICI Prudential Life Insurance India 2025]
at testcases.IciciPru.validateHomePageTitle(IciciPru.java:71)
at java.base/java.util.ArrayList.forEach(ArrayList.java:1511)
at java.base/java.util.concurrent.FutureTask.run(FutureTask.java:264)
at java.base/java.util.concurrent.ThreadPoolExecutor.runWorker(ThreadPoolExecutor.java:1136)
at java.base/java.util.concurrent.ThreadPoolExecutor$Worker.run(ThreadPoolExecutor.java:635)
at java.base/java.lang.Thread.run(Thread.java:833)
... Removed 23 stack frames]]>
    </failure>
  </testcase> <!-- validateHomePageTitle -->
  <testcase classname="testcases.IciciPru" name="validaeTermInsuranceMenu" time="9.714"/>
  <testcase classname="testcases.IciciPru" name="validaeNRIPlansMenu" time="2.311"/>
  <testcase classname="testcases.IciciPru" name="validaeLogin" time="9.988">
    <failure type="java.lang.AssertionError" message="expected [https://QAcustomer.iciciprulife.com/csr/cmmn-home.htm?execution=e1s1] but found [https://customer.iciciprulife.com/csr/cmmn-home.htm?execution=e1s1]">
      <![CDATA[java.lang.AssertionError: expected [https://QAcustomer.iciciprulife.com/csr/cmmn-home.htm?execution=e1s1] but found [https://customer.iciciprulife.com/csr/cmmn-home.htm?execution=e1s1]
at testcases.IciciPru.validaeLogin(IciciPru.java:116)
at java.base/java.util.ArrayList.forEach(ArrayList.java:1511)
at java.base/java.util.concurrent.FutureTask.run(FutureTask.java:264)
at java.base/java.util.concurrent.ThreadPoolExecutor.runWorker(ThreadPoolExecutor.java:1136)
at java.base/java.util.concurrent.ThreadPoolExecutor$Worker.run(ThreadPoolExecutor.java:635)
at java.base/java.lang.Thread.run(Thread.java:833)
... Removed 23 stack frames]]>
    </failure>
  </testcase> <!-- validaeLogin -->
</testsuite> <!-- ChromeBrowserTest -->
