<?xml version="1.0" encoding="UTF-8"?>
<!-- Generated by org.testng.reporters.JUnitXMLReporter -->
<testsuite ignored="0" hostname="LAPTOP-9J15PCB5" failures="0" tests="4" name="ChromeBrowserTest" time="34.731" errors="0" timestamp="2025-12-01T19:02:39 IST">
  <testcase classname="testcases.IciciPru" name="validateHomePageTitle" time="0.143"/>
  <testcase classname="testcases.IciciPru" name="validaeTermInsuranceMenu" time="2.748"/>
  <testcase classname="testcases.IciciPru" name="validaeNRIPlansMenu" time="2.704"/>
  <testcase classname="testcases.IciciPru" name="validaeLogin" time="6.318"/>
</testsuite> <!-- ChromeBrowserTest -->
