<?xml version="1.0" encoding="UTF-8"?>
<!-- Generated by org.testng.reporters.JUnitXMLReporter -->
<testsuite ignored="0" hostname="LAPTOP-9J15PCB5" failures="0" tests="4" name="EdgeBrowserTest" time="111.871" errors="0" timestamp="2025-12-26T12:01:11 IST">
  <testcase classname="testcases.IciciPru" name="validateHomePageTitle" time="3.349"/>
  <testcase classname="testcases.IciciPru" name="validaeTermInsuranceMenu" time="12.588"/>
  <testcase classname="testcases.IciciPru" name="validaeNRIPlansMenu" time="3.779"/>
  <testcase classname="testcases.IciciPru" name="validaeLogin" time="22.312"/>
</testsuite> <!-- EdgeBrowserTest -->
