<?xml version="1.0" encoding="UTF-8"?>
<!-- Generated by org.testng.reporters.JUnitXMLReporter -->
<testsuite ignored="0" hostname="LAPTOP-9J15PCB5" failures="0" tests="4" name="EdgeBrowserTest" time="37.65" errors="0" timestamp="2025-12-01T16:21:17 IST">
  <testcase classname="testcases.IciciPru" name="validateHomePageTitle" time="0.148"/>
  <testcase classname="testcases.IciciPru" name="validaeTermInsuranceMenu" time="3.43"/>
  <testcase classname="testcases.IciciPru" name="validaeNRIPlansMenu" time="1.651"/>
  <testcase classname="testcases.IciciPru" name="validaeLogin" time="3.694"/>
</testsuite> <!-- EdgeBrowserTest -->
