<?xml version="1.0" encoding="UTF-8"?>
<!-- Generated by org.testng.reporters.JUnitXMLReporter -->
<testsuite ignored="0" hostname="LAPTOP-9J15PCB5" failures="0" tests="4" name="EdgeBrowserTest" time="37.557" errors="0" timestamp="2025-12-01T19:02:42 IST">
  <testcase classname="testcases.IciciPru" name="validateHomePageTitle" time="0.414"/>
  <testcase classname="testcases.IciciPru" name="validaeTermInsuranceMenu" time="1.778"/>
  <testcase classname="testcases.IciciPru" name="validaeNRIPlansMenu" time="0.768"/>
  <testcase classname="testcases.IciciPru" name="validaeLogin" time="2.93"/>
</testsuite> <!-- EdgeBrowserTest -->
