<?xml version="1.0" encoding="UTF-8"?>
<!-- Generated by org.testng.reporters.JUnitXMLReporter -->
<testsuite ignored="0" hostname="LAPTOP-9J15PCB5" failures="2" tests="4" name="EdgeBrowserTest" time="107.499" errors="0" timestamp="2025-12-26T08:46:57 IST">
  <testcase classname="testcases.IciciPru" name="validateHomePageTitle" time="1.62">
    <failure type="java.lang.AssertionError" message="expected [QALife Insurance - ICICI Prudential Life Insurance India 2025] but found [Life Insurance - ICICI Prudential Life Insurance India 2025]">
      <![CDATA[java.lang.AssertionError: expected [QALife Insurance - ICICI Prudential Life Insurance India 2025] but found [Life Insurance - ICICI Prudential Life Insurance India 2025]
at testcases.IciciPru.validateHomePageTitle(IciciPru.java:71)
at java.base/java.util.ArrayList.forEach(ArrayList.java:1511)
at java.base/java.util.concurrent.FutureTask.run(FutureTask.java:264)
at java.base/java.util.concurrent.ThreadPoolExecutor.runWorker(ThreadPoolExecutor.java:1136)
at java.base/java.util.concurrent.ThreadPoolExecutor$Worker.run(ThreadPoolExecutor.java:635)
at java.base/java.lang.Thread.run(Thread.java:833)
... Removed 23 stack frames]]>
    </failure>
  </testcase> <!-- validateHomePageTitle -->
  <testcase classname="testcases.IciciPru" name="validaeTermInsuranceMenu" time="8.295"/>
  <testcase classname="testcases.IciciPru" name="validaeNRIPlansMenu" time="3.517"/>
  <testcase classname="testcases.IciciPru" name="validaeLogin" time="17.183">
    <failure type="java.lang.AssertionError" message="expected [QAhttps://customer.iciciprulife.com/csr/cmmn-home.htm?execution=e1s1] but found [https://customer.iciciprulife.com/csr/cmmn-home.htm?execution=e1s1]">
      <![CDATA[java.lang.AssertionError: expected [QAhttps://customer.iciciprulife.com/csr/cmmn-home.htm?execution=e1s1] but found [https://customer.iciciprulife.com/csr/cmmn-home.htm?execution=e1s1]
at testcases.IciciPru.validaeLogin(IciciPru.java:116)
at java.base/java.util.ArrayList.forEach(ArrayList.java:1511)
at java.base/java.util.concurrent.FutureTask.run(FutureTask.java:264)
at java.base/java.util.concurrent.ThreadPoolExecutor.runWorker(ThreadPoolExecutor.java:1136)
at java.base/java.util.concurrent.ThreadPoolExecutor$Worker.run(ThreadPoolExecutor.java:635)
at java.base/java.lang.Thread.run(Thread.java:833)
... Removed 23 stack frames]]>
    </failure>
  </testcase> <!-- validaeLogin -->
</testsuite> <!-- EdgeBrowserTest -->
