<?xml version="1.0" encoding="UTF-8"?>
<testng-results ignored="0" total="4" passed="4" failed="0" skipped="0">
  <reporter-output>
  </reporter-output>
  <suite started-at="2025-12-26T13:03:00 IST" name="Suite" finished-at="2025-12-26T13:03:24 IST" duration-ms="23994">
    <groups>
    </groups>
    <test started-at="2025-12-26T13:03:00 IST" name="ChromeBrowserTest" finished-at="2025-12-26T13:03:24 IST" duration-ms="23994">
      <class name="testcases.IciciPru">
        <test-method is-config="true" signature="setup(java.lang.String)[pri:0, instance:testcases.IciciPru@606e4010]" started-at="2025-12-26T13:03:00 IST" name="setup" finished-at="2025-12-26T13:03:19 IST" duration-ms="18448" status="PASS">
          <params>
            <param index="0">
              <value>
                <![CDATA[chrome]]>
              </value>
            </param>
          </params>
          <reporter-output>
          </reporter-output>
        </test-method> <!-- setup -->
        <test-method is-config="true" signature="createTest(java.lang.reflect.Method)[pri:0, instance:testcases.IciciPru@606e4010]" started-at="2025-12-26T13:03:19 IST" name="createTest" finished-at="2025-12-26T13:03:19 IST" duration-ms="27" status="PASS">
          <params>
            <param index="0">
              <value>
                <![CDATA[public void testcases.IciciPru.validateHomePageTitle()]]>
              </value>
            </param>
          </params>
          <reporter-output>
          </reporter-output>
        </test-method> <!-- createTest -->
        <test-method signature="validateHomePageTitle()[pri:1, instance:testcases.IciciPru@606e4010]" started-at="2025-12-26T13:03:19 IST" name="validateHomePageTitle" finished-at="2025-12-26T13:03:19 IST" duration-ms="79" status="PASS">
          <reporter-output>
          </reporter-output>
        </test-method> <!-- validateHomePageTitle -->
        <test-method is-config="true" signature="tearDown(org.testng.ITestResult)[pri:0, instance:testcases.IciciPru@606e4010]" started-at="2025-12-26T13:03:19 IST" name="tearDown" finished-at="2025-12-26T13:03:19 IST" duration-ms="17" status="PASS">
          <params>
            <param index="0">
              <value>
                <![CDATA[[TestResult name=validateHomePageTitle status=SUCCESS method=IciciPru.validateHomePageTitle()[pri:1, instance:testcases.IciciPru@606e4010] output={null}]]]>
              </value>
            </param>
          </params>
          <reporter-output>
          </reporter-output>
        </test-method> <!-- tearDown -->
        <test-method is-config="true" signature="createTest(java.lang.reflect.Method)[pri:0, instance:testcases.IciciPru@606e4010]" started-at="2025-12-26T13:03:19 IST" name="createTest" finished-at="2025-12-26T13:03:19 IST" duration-ms="1" status="PASS">
          <params>
            <param index="0">
              <value>
                <![CDATA[public void testcases.IciciPru.validaeTermInsuranceMenu()]]>
              </value>
            </param>
          </params>
          <reporter-output>
          </reporter-output>
        </test-method> <!-- createTest -->
        <test-method signature="validaeTermInsuranceMenu()[pri:2, instance:testcases.IciciPru@606e4010]" started-at="2025-12-26T13:03:19 IST" name="validaeTermInsuranceMenu" finished-at="2025-12-26T13:03:20 IST" duration-ms="864" status="PASS">
          <reporter-output>
          </reporter-output>
        </test-method> <!-- validaeTermInsuranceMenu -->
        <test-method is-config="true" signature="tearDown(org.testng.ITestResult)[pri:0, instance:testcases.IciciPru@606e4010]" started-at="2025-12-26T13:03:20 IST" name="tearDown" finished-at="2025-12-26T13:03:20 IST" duration-ms="0" status="PASS">
          <params>
            <param index="0">
              <value>
                <![CDATA[[TestResult name=validaeTermInsuranceMenu status=SUCCESS method=IciciPru.validaeTermInsuranceMenu()[pri:2, instance:testcases.IciciPru@606e4010] output={null}]]]>
              </value>
            </param>
          </params>
          <reporter-output>
          </reporter-output>
        </test-method> <!-- tearDown -->
        <test-method is-config="true" signature="createTest(java.lang.reflect.Method)[pri:0, instance:testcases.IciciPru@606e4010]" started-at="2025-12-26T13:03:20 IST" name="createTest" finished-at="2025-12-26T13:03:20 IST" duration-ms="0" status="PASS">
          <params>
            <param index="0">
              <value>
                <![CDATA[public void testcases.IciciPru.validaeNRIPlansMenu()]]>
              </value>
            </param>
          </params>
          <reporter-output>
          </reporter-output>
        </test-method> <!-- createTest -->
        <test-method signature="validaeNRIPlansMenu()[pri:3, instance:testcases.IciciPru@606e4010]" started-at="2025-12-26T13:03:20 IST" name="validaeNRIPlansMenu" finished-at="2025-12-26T13:03:20 IST" duration-ms="563" status="PASS">
          <reporter-output>
          </reporter-output>
        </test-method> <!-- validaeNRIPlansMenu -->
        <test-method is-config="true" signature="tearDown(org.testng.ITestResult)[pri:0, instance:testcases.IciciPru@606e4010]" started-at="2025-12-26T13:03:20 IST" name="tearDown" finished-at="2025-12-26T13:03:20 IST" duration-ms="3" status="PASS">
          <params>
            <param index="0">
              <value>
                <![CDATA[[TestResult name=validaeNRIPlansMenu status=SUCCESS method=IciciPru.validaeNRIPlansMenu()[pri:3, instance:testcases.IciciPru@606e4010] output={null}]]]>
              </value>
            </param>
          </params>
          <reporter-output>
          </reporter-output>
        </test-method> <!-- tearDown -->
        <test-method is-config="true" signature="createTest(java.lang.reflect.Method)[pri:0, instance:testcases.IciciPru@606e4010]" started-at="2025-12-26T13:03:20 IST" name="createTest" finished-at="2025-12-26T13:03:20 IST" duration-ms="4" status="PASS">
          <params>
            <param index="0">
              <value>
                <![CDATA[public void testcases.IciciPru.validaeLogin()]]>
              </value>
            </param>
          </params>
          <reporter-output>
          </reporter-output>
        </test-method> <!-- createTest -->
        <test-method signature="validaeLogin()[pri:4, instance:testcases.IciciPru@606e4010]" started-at="2025-12-26T13:03:20 IST" name="validaeLogin" finished-at="2025-12-26T13:03:23 IST" duration-ms="2737" status="PASS">
          <reporter-output>
          </reporter-output>
        </test-method> <!-- validaeLogin -->
        <test-method is-config="true" signature="tearDown(org.testng.ITestResult)[pri:0, instance:testcases.IciciPru@606e4010]" started-at="2025-12-26T13:03:23 IST" name="tearDown" finished-at="2025-12-26T13:03:23 IST" duration-ms="4" status="PASS">
          <params>
            <param index="0">
              <value>
                <![CDATA[[TestResult name=validaeLogin status=SUCCESS method=IciciPru.validaeLogin()[pri:4, instance:testcases.IciciPru@606e4010] output={null}]]]>
              </value>
            </param>
          </params>
          <reporter-output>
          </reporter-output>
        </test-method> <!-- tearDown -->
        <test-method is-config="true" signature="teardown()[pri:0, instance:testcases.IciciPru@606e4010]" started-at="2025-12-26T13:03:23 IST" name="teardown" finished-at="2025-12-26T13:03:24 IST" duration-ms="1130" status="PASS">
          <reporter-output>
          </reporter-output>
        </test-method> <!-- teardown -->
      </class> <!-- testcases.IciciPru -->
    </test> <!-- ChromeBrowserTest -->
  </suite> <!-- Suite -->
</testng-results>
