<?xml version="1.0" encoding="UTF-8"?>
<testng-results ignored="0" total="8" passed="8" failed="0" skipped="0">
  <reporter-output>
  </reporter-output>
  <suite started-at="2025-12-01T16:20:39 IST" name="Suite" finished-at="2025-12-01T16:21:17 IST" duration-ms="37650">
    <groups>
    </groups>
    <test started-at="2025-12-01T16:20:39 IST" name="ChromeBrowserTest" finished-at="2025-12-01T16:21:14 IST" duration-ms="35165">
      <class name="testcases.IciciPru">
        <test-method is-config="true" signature="setup(java.lang.String)[pri:0, instance:testcases.IciciPru@1972e513]" started-at="2025-12-01T16:20:39 IST" name="setup" finished-at="2025-12-01T16:20:45 IST" duration-ms="5251" status="PASS">
          <params>
            <param index="0">
              <value>
                <![CDATA[chrome]]>
              </value>
            </param>
          </params>
          <reporter-output>
          </reporter-output>
        </test-method> <!-- setup -->
        <test-method signature="validateHomePageTitle()[pri:1, instance:testcases.IciciPru@1972e513]" started-at="2025-12-01T16:20:45 IST" name="validateHomePageTitle" finished-at="2025-12-01T16:20:58 IST" duration-ms="13301" status="PASS">
          <reporter-output>
          </reporter-output>
        </test-method> <!-- validateHomePageTitle -->
        <test-method signature="validaeTermInsuranceMenu()[pri:2, instance:testcases.IciciPru@1972e513]" started-at="2025-12-01T16:20:58 IST" name="validaeTermInsuranceMenu" finished-at="2025-12-01T16:21:03 IST" duration-ms="5376" status="PASS">
          <reporter-output>
          </reporter-output>
        </test-method> <!-- validaeTermInsuranceMenu -->
        <test-method signature="validaeNRIPlansMenu()[pri:3, instance:testcases.IciciPru@1972e513]" started-at="2025-12-01T16:21:03 IST" name="validaeNRIPlansMenu" finished-at="2025-12-01T16:21:04 IST" duration-ms="861" status="PASS">
          <reporter-output>
          </reporter-output>
        </test-method> <!-- validaeNRIPlansMenu -->
        <test-method signature="validaeLogin()[pri:4, instance:testcases.IciciPru@1972e513]" started-at="2025-12-01T16:21:04 IST" name="validaeLogin" finished-at="2025-12-01T16:21:13 IST" duration-ms="8895" status="PASS">
          <reporter-output>
          </reporter-output>
        </test-method> <!-- validaeLogin -->
        <test-method is-config="true" signature="teardown()[pri:0, instance:testcases.IciciPru@1972e513]" started-at="2025-12-01T16:21:13 IST" name="teardown" finished-at="2025-12-01T16:21:14 IST" duration-ms="1363" status="PASS">
          <reporter-output>
          </reporter-output>
        </test-method> <!-- teardown -->
      </class> <!-- testcases.IciciPru -->
    </test> <!-- ChromeBrowserTest -->
    <test started-at="2025-12-01T16:20:39 IST" name="EdgeBrowserTest" finished-at="2025-12-01T16:21:17 IST" duration-ms="37650">
      <class name="testcases.IciciPru">
        <test-method is-config="true" signature="setup(java.lang.String)[pri:0, instance:testcases.IciciPru@15043a2f]" started-at="2025-12-01T16:20:39 IST" name="setup" finished-at="2025-12-01T16:21:08 IST" duration-ms="28223" status="PASS">
          <params>
            <param index="0">
              <value>
                <![CDATA[edge]]>
              </value>
            </param>
          </params>
          <reporter-output>
          </reporter-output>
        </test-method> <!-- setup -->
        <test-method signature="validateHomePageTitle()[pri:1, instance:testcases.IciciPru@15043a2f]" started-at="2025-12-01T16:21:08 IST" name="validateHomePageTitle" finished-at="2025-12-01T16:21:08 IST" duration-ms="148" status="PASS">
          <reporter-output>
          </reporter-output>
        </test-method> <!-- validateHomePageTitle -->
        <test-method signature="validaeTermInsuranceMenu()[pri:2, instance:testcases.IciciPru@15043a2f]" started-at="2025-12-01T16:21:08 IST" name="validaeTermInsuranceMenu" finished-at="2025-12-01T16:21:11 IST" duration-ms="3430" status="PASS">
          <reporter-output>
          </reporter-output>
        </test-method> <!-- validaeTermInsuranceMenu -->
        <test-method signature="validaeNRIPlansMenu()[pri:3, instance:testcases.IciciPru@15043a2f]" started-at="2025-12-01T16:21:11 IST" name="validaeNRIPlansMenu" finished-at="2025-12-01T16:21:13 IST" duration-ms="1651" status="PASS">
          <reporter-output>
          </reporter-output>
        </test-method> <!-- validaeNRIPlansMenu -->
        <test-method signature="validaeLogin()[pri:4, instance:testcases.IciciPru@15043a2f]" started-at="2025-12-01T16:21:13 IST" name="validaeLogin" finished-at="2025-12-01T16:21:17 IST" duration-ms="3694" status="PASS">
          <reporter-output>
          </reporter-output>
        </test-method> <!-- validaeLogin -->
        <test-method is-config="true" signature="teardown()[pri:0, instance:testcases.IciciPru@15043a2f]" started-at="2025-12-01T16:21:17 IST" name="teardown" finished-at="2025-12-01T16:21:17 IST" duration-ms="423" status="PASS">
          <reporter-output>
          </reporter-output>
        </test-method> <!-- teardown -->
      </class> <!-- testcases.IciciPru -->
    </test> <!-- EdgeBrowserTest -->
  </suite> <!-- Suite -->
</testng-results>
