<?xml version="1.0" encoding="UTF-8"?>
<!-- Generated by org.testng.reporters.JUnitReportReporter -->
<testsuite hostname="LAPTOP-9J15PCB5" failures="0" tests="4" name="testcases.IciciPru" time="4.299" errors="0" timestamp="2025-12-26T13:03:25 IST" skipped="0">
  <testcase classname="testcases.IciciPru" name="validateHomePageTitle" time="0.097"/>
  <testcase classname="testcases.IciciPru" name="validaeTermInsuranceMenu" time="0.868"/>
  <testcase classname="testcases.IciciPru" name="validaeNRIPlansMenu" time="0.593"/>
  <testcase classname="testcases.IciciPru" name="validaeLogin" time="2.741"/>
</testsuite> <!-- testcases.IciciPru -->
