<?xml version="1.0" encoding="UTF-8"?>
<!-- Generated by org.testng.reporters.JUnitReportReporter -->
<testsuite hostname="LAPTOP-9J15PCB5" failures="0" tests="8" name="testcases.IciciPru" time="103.943" errors="0" timestamp="2025-12-26T12:01:15 IST" skipped="0">
  <testcase classname="testcases.IciciPru" name="validateHomePageTitle" time="3.370"/>
  <testcase classname="testcases.IciciPru" name="validateHomePageTitle" time="17.316"/>
  <testcase classname="testcases.IciciPru" name="validaeTermInsuranceMenu" time="13.598"/>
  <testcase classname="testcases.IciciPru" name="validaeTermInsuranceMenu" time="11.389"/>
  <testcase classname="testcases.IciciPru" name="validaeNRIPlansMenu" time="26.076"/>
  <testcase classname="testcases.IciciPru" name="validaeNRIPlansMenu" time="3.795"/>
  <testcase classname="testcases.IciciPru" name="validaeLogin" time="6.067"/>
  <testcase classname="testcases.IciciPru" name="validaeLogin" time="22.332"/>
</testsuite> <!-- testcases.IciciPru -->
