<?xml version="1.0" encoding="UTF-8"?>
<!-- Generated by org.testng.reporters.JUnitReportReporter -->
<testsuite hostname="LAPTOP-9J15PCB5" failures="0" tests="8" name="testcases.IciciPru" time="17.906" errors="0" timestamp="2025-12-01T19:02:42 IST" skipped="0">
  <testcase classname="testcases.IciciPru" name="validateHomePageTitle" time="0.417"/>
  <testcase classname="testcases.IciciPru" name="validateHomePageTitle" time="0.162"/>
  <testcase classname="testcases.IciciPru" name="validaeTermInsuranceMenu" time="2.811"/>
  <testcase classname="testcases.IciciPru" name="validaeTermInsuranceMenu" time="1.780"/>
  <testcase classname="testcases.IciciPru" name="validaeNRIPlansMenu" time="0.770"/>
  <testcase classname="testcases.IciciPru" name="validaeNRIPlansMenu" time="2.709"/>
  <testcase classname="testcases.IciciPru" name="validaeLogin" time="2.934"/>
  <testcase classname="testcases.IciciPru" name="validaeLogin" time="6.323"/>
</testsuite> <!-- testcases.IciciPru -->
